  main.cpp
E:\project_2023\CPP\Server-Programming-Study\IOCP_STUDY\Chat_Server_01\ClientInfo.h(42,15): error C3646: '_acceptOverlappedEx': 알 수 없는 재정의 지정자입니다.
E:\project_2023\CPP\Server-Programming-Study\IOCP_STUDY\Chat_Server_01\ClientInfo.h(42,34): error C4430: 형식 지정자가 없습니다. int로 가정합니다. 참고: C++에서는 기본 int를 지원하지 않습니다.
E:\project_2023\CPP\Server-Programming-Study\IOCP_STUDY\Chat_Server_01\ClientInfo.h(45,15): error C3646: '_recvOverlappedEx': 알 수 없는 재정의 지정자입니다.
E:\project_2023\CPP\Server-Programming-Study\IOCP_STUDY\Chat_Server_01\ClientInfo.h(45,32): error C4430: 형식 지정자가 없습니다. int로 가정합니다. 참고: C++에서는 기본 int를 지원하지 않습니다.
E:\project_2023\CPP\Server-Programming-Study\IOCP_STUDY\Chat_Server_01\ClientInfo.h(46,16): error C2065: 'MAX_SOCK_RECVBUF': 선언되지 않은 식별자입니다.
E:\project_2023\CPP\Server-Programming-Study\IOCP_STUDY\Chat_Server_01\ClientInfo.h(49,8): error C2065: 'OverlappedEx': 선언되지 않은 식별자입니다.
E:\project_2023\CPP\Server-Programming-Study\IOCP_STUDY\Chat_Server_01\ClientInfo.h(49,21): error C2059: 구문 오류: '>'
E:\project_2023\CPP\Server-Programming-Study\IOCP_STUDY\Chat_Server_01\Define.h(5,14): error C2374: 'MAX_SOCK_SENDBUF': 재정의. 여러 번 초기화했습니다.
E:\project_2023\CPP\Server-Programming-Study\IOCP_STUDY\IOCP_07\Define.h(5): message : 'MAX_SOCK_SENDBUF' 선언을 참조하십시오.
E:\project_2023\CPP\Server-Programming-Study\IOCP_STUDY\Chat_Server_01\Define.h(6,14): error C2374: 'RE_USE_SESSION_WAIT_TIMESEC': 재정의. 여러 번 초기화했습니다.
E:\project_2023\CPP\Server-Programming-Study\IOCP_STUDY\IOCP_07\Define.h(7): message : 'RE_USE_SESSION_WAIT_TIMESEC' 선언을 참조하십시오.
E:\project_2023\CPP\Server-Programming-Study\IOCP_STUDY\Chat_Server_01\Define.h(10,1): error C2011: 'IOOperation': 'enum' 형식 재정의
E:\project_2023\CPP\Server-Programming-Study\IOCP_STUDY\IOCP_07\Define.h(9): message : 'IOOperation' 선언을 참조하십시오.
E:\project_2023\CPP\Server-Programming-Study\IOCP_STUDY\Chat_Server_01\PacketManager.h(15,24): error C2061: 구문 오류: 식별자 'PacketInfo'
E:\project_2023\CPP\Server-Programming-Study\IOCP_STUDY\Chat_Server_01\PacketManager.h(24,13): error C3646: 'DequePacketData': 알 수 없는 재정의 지정자입니다.
E:\project_2023\CPP\Server-Programming-Study\IOCP_STUDY\Chat_Server_01\PacketManager.h(24,28): error C2059: 구문 오류: '('
E:\project_2023\CPP\Server-Programming-Study\IOCP_STUDY\Chat_Server_01\PacketManager.h(24,30): error C2238: ';' 앞에 예기치 않은 토큰이 있습니다.
E:\project_2023\CPP\Server-Programming-Study\IOCP_STUDY\Chat_Server_01\PacketManager.h(25,13): error C3646: 'DequeSystemPacketData': 알 수 없는 재정의 지정자입니다.
E:\project_2023\CPP\Server-Programming-Study\IOCP_STUDY\Chat_Server_01\PacketManager.h(25,34): error C2059: 구문 오류: '('
E:\project_2023\CPP\Server-Programming-Study\IOCP_STUDY\Chat_Server_01\PacketManager.h(25,36): error C2238: ';' 앞에 예기치 않은 토큰이 있습니다.
E:\project_2023\CPP\Server-Programming-Study\IOCP_STUDY\Chat_Server_01\PacketManager.h(42,8): error C2065: 'PacketInfo': 선언되지 않은 식별자입니다.
E:\project_2023\CPP\Server-Programming-Study\IOCP_STUDY\Chat_Server_01\PacketManager.h(42,2): error C2923: 'std::deque': 'PacketInfo'은(는) '_Ty' 매개 변수에 대한 올바른 템플릿 형식 인수가 아닙니다.
E:\project_2023\CPP\Server-Programming-Study\IOCP_STUDY\Chat_Server_01\PacketManager.h(42): message : 'PacketInfo' 선언을 참조하십시오.
E:\project_2023\CPP\Server-Programming-Study\IOCP_STUDY\Chat_Server_01\PacketManager.h(42,2): error C2976: 'std::deque': 템플릿 인수가 너무 적습니다.
E:\tools\Microsoft\VisualStudio\IDE\VC\Tools\MSVC\14.29.30133\include\deque(569): message : 'std::deque' 선언을 참조하십시오.
E:\project_2023\CPP\Server-Programming-Study\IOCP_STUDY\IOCP_07\IOCPServer.h(8,1): error C2011: 'IOCPServer': 'class' 형식 재정의
E:\project_2023\CPP\Server-Programming-Study\IOCP_STUDY\Chat_Server_01\IOCPServer.h(4): message : 'IOCPServer' 선언을 참조하십시오.
E:\project_2023\CPP\Server-Programming-Study\IOCP_STUDY\IOCP_07\EchoServer.h(5,1): error C2504: 'IOCPServer': 기본 클래스를 정의하지 않았습니다.
E:\project_2023\CPP\Server-Programming-Study\IOCP_STUDY\IOCP_07\EchoServer.h(10,15): error C3668: 'EchoServer::OnConnect': 재정의 지정자 'override'가 있는 메서드가 기본 클래스 메서드를 재정의하지 않았습니다.
E:\project_2023\CPP\Server-Programming-Study\IOCP_STUDY\IOCP_07\EchoServer.h(15,15): error C3668: 'EchoServer::OnClose': 재정의 지정자 'override'가 있는 메서드가 기본 클래스 메서드를 재정의하지 않았습니다.
E:\project_2023\CPP\Server-Programming-Study\IOCP_STUDY\IOCP_07\EchoServer.h(20,15): error C3668: 'EchoServer::OnReceive': 재정의 지정자 'override'가 있는 메서드가 기본 클래스 메서드를 재정의하지 않았습니다.
E:\project_2023\CPP\Server-Programming-Study\IOCP_STUDY\IOCP_07\EchoServer.h(37,3): error C3861: 'StartServer': 식별자를 찾을 수 없습니다.
E:\project_2023\CPP\Server-Programming-Study\IOCP_STUDY\IOCP_07\EchoServer.h(47,3): error C3861: 'DestroyThread': 식별자를 찾을 수 없습니다.
E:\project_2023\CPP\Server-Programming-Study\IOCP_STUDY\IOCP_07\EchoServer.h(59,5): error C3861: 'SendMsg': 식별자를 찾을 수 없습니다.
E:\project_2023\CPP\Server-Programming-Study\IOCP_STUDY\IOCP_07\main.cpp(10,9): error C2039: 'InitSocket': 'EchoServer'의 멤버가 아닙니다.
E:\project_2023\CPP\Server-Programming-Study\IOCP_STUDY\IOCP_07\EchoServer.h(4): message : 'EchoServer' 선언을 참조하십시오.
E:\project_2023\CPP\Server-Programming-Study\IOCP_STUDY\IOCP_07\main.cpp(11,9): error C2039: 'BindandListen': 'EchoServer'의 멤버가 아닙니다.
E:\project_2023\CPP\Server-Programming-Study\IOCP_STUDY\IOCP_07\EchoServer.h(4): message : 'EchoServer' 선언을 참조하십시오.
E:\project_2023\CPP\Server-Programming-Study\IOCP_STUDY\IOCP_07\main.cpp(17,9): error C2039: 'DestroyThread': 'EchoServer'의 멤버가 아닙니다.
E:\project_2023\CPP\Server-Programming-Study\IOCP_STUDY\IOCP_07\EchoServer.h(4): message : 'EchoServer' 선언을 참조하십시오.
