e:\project_2023\cpp\server-programming-study\win32api\client\x64\debug\client.pch
e:\project_2023\cpp\server-programming-study\win32api\client\x64\debug\vc142.pdb
e:\project_2023\cpp\server-programming-study\win32api\client\x64\debug\vc142.idb
e:\project_2023\cpp\server-programming-study\win32api\client\x64\debug\ccore.obj
e:\project_2023\cpp\server-programming-study\win32api\client\x64\debug\ckeymanager.obj
e:\project_2023\cpp\server-programming-study\win32api\client\x64\debug\main.obj
e:\project_2023\cpp\server-programming-study\win32api\client\x64\debug\cobject.obj
e:\project_2023\cpp\server-programming-study\win32api\client\x64\debug\client.res
e:\project_2023\cpp\server-programming-study\win32api\x64\debug\client.exe
e:\project_2023\cpp\server-programming-study\win32api\client\x64\debug\client.ilk
e:\project_2023\cpp\server-programming-study\win32api\x64\debug\client.pdb
e:\project_2023\cpp\server-programming-study\win32api\client\x64\debug\client.tlog\cl.read.1.tlog
e:\project_2023\cpp\server-programming-study\win32api\client\x64\debug\client.tlog\cl.write.1.tlog
e:\project_2023\cpp\server-programming-study\win32api\client\x64\debug\client.tlog\cl.command.1.tlog
e:\project_2023\cpp\server-programming-study\win32api\client\x64\debug\client.tlog\rc.read.1.tlog
e:\project_2023\cpp\server-programming-study\win32api\client\x64\debug\client.tlog\rc.write.1.tlog
e:\project_2023\cpp\server-programming-study\win32api\client\x64\debug\client.tlog\rc.command.1.tlog
e:\project_2023\cpp\server-programming-study\win32api\client\x64\debug\client.tlog\link.read.1.tlog
e:\project_2023\cpp\server-programming-study\win32api\client\x64\debug\client.tlog\link.write.1.tlog
e:\project_2023\cpp\server-programming-study\win32api\client\x64\debug\client.tlog\link.command.1.tlog
